<?xml version="1.0" encoding="UTF-8"?>
<coverage generated="1629210691179" clover="3.2.0">
  <project timestamp="1629210691180" name="All files">
    <metrics statements="39" coveredstatements="39" conditionals="28" coveredconditionals="21" methods="10" coveredmethods="10" elements="77" coveredelements="70" complexity="0" loc="39" ncloc="39" packages="1" files="3" classes="3"/>
    <file name="coordinates.ts" path="/Users/amir.sohi/github-repos/marsrover/src/main/coordinates.ts">
      <metrics statements="5" coveredstatements="5" conditionals="0" coveredconditionals="0" methods="3" coveredmethods="3"/>
      <line num="1" count="1" type="stmt"/>
      <line num="6" count="37" type="stmt"/>
      <line num="7" count="37" type="stmt"/>
      <line num="11" count="37" type="stmt"/>
      <line num="15" count="37" type="stmt"/>
    </file>
    <file name="grid.ts" path="/Users/amir.sohi/github-repos/marsrover/src/main/grid.ts">
      <metrics statements="20" coveredstatements="20" conditionals="20" coveredconditionals="16" methods="3" coveredmethods="3"/>
      <line num="1" count="1" type="stmt"/>
      <line num="3" count="1" type="stmt"/>
      <line num="4" count="1" type="stmt"/>
      <line num="6" count="1" type="stmt"/>
      <line num="8" count="1" type="stmt"/>
      <line num="10" count="19" type="stmt"/>
      <line num="11" count="19" type="stmt"/>
      <line num="12" count="19" type="cond" truecount="2" falsecount="0"/>
      <line num="13" count="14" type="cond" truecount="2" falsecount="0"/>
      <line num="14" count="5" type="cond" truecount="2" falsecount="0"/>
      <line num="15" count="3" type="cond" truecount="1" falsecount="1"/>
      <line num="16" count="2" type="cond" truecount="2" falsecount="0"/>
      <line num="17" count="1" type="cond" truecount="1" falsecount="1"/>
      <line num="18" count="1" type="cond" truecount="1" falsecount="1"/>
      <line num="19" count="1" type="cond" truecount="1" falsecount="1"/>
      <line num="22" count="19" type="stmt"/>
      <line num="26" count="12" type="stmt"/>
      <line num="28" count="12" type="stmt"/>
      <line num="34" count="8" type="stmt"/>
      <line num="36" count="8" type="stmt"/>
    </file>
    <file name="marsrover.ts" path="/Users/amir.sohi/github-repos/marsrover/src/main/marsrover.ts">
      <metrics statements="14" coveredstatements="14" conditionals="8" coveredconditionals="5" methods="4" coveredmethods="4"/>
      <line num="1" count="1" type="stmt"/>
      <line num="2" count="1" type="stmt"/>
      <line num="4" count="1" type="stmt"/>
      <line num="13" count="18" type="stmt"/>
      <line num="14" count="18" type="stmt"/>
      <line num="15" count="18" type="stmt"/>
      <line num="19" count="18" type="stmt"/>
      <line num="20" count="39" type="cond" truecount="2" falsecount="0"/>
      <line num="21" count="12" type="stmt"/>
      <line num="22" count="27" type="cond" truecount="2" falsecount="0"/>
      <line num="23" count="8" type="stmt"/>
      <line num="24" count="19" type="cond" truecount="1" falsecount="1"/>
      <line num="25" count="19" type="stmt"/>
      <line num="31" count="18" type="stmt"/>
    </file>
  </project>
</coverage>
