<?xml version="1.0" encoding="UTF-8"?>
<coverage generated="1628607139259" clover="3.2.0">
  <project timestamp="1628607139259" name="All files">
    <metrics statements="37" coveredstatements="36" conditionals="31" coveredconditionals="22" methods="7" coveredmethods="7" elements="75" coveredelements="65" complexity="0" loc="37" ncloc="37" packages="1" files="2" classes="2"/>
    <file name="directions.ts" path="/Users/amir.sohi/github-repos/marsrover/src/main/directions.ts">
      <metrics statements="12" coveredstatements="12" conditionals="4" coveredconditionals="4" methods="2" coveredmethods="2"/>
      <line num="1" count="1" type="stmt"/>
      <line num="3" count="1" type="stmt"/>
      <line num="4" count="12" type="stmt"/>
      <line num="6" count="12" type="cond" truecount="2" falsecount="0"/>
      <line num="7" count="1" type="stmt"/>
      <line num="9" count="11" type="stmt"/>
      <line num="12" count="1" type="stmt"/>
      <line num="13" count="8" type="stmt"/>
      <line num="15" count="8" type="cond" truecount="2" falsecount="0"/>
      <line num="16" count="2" type="stmt"/>
      <line num="18" count="6" type="stmt"/>
      <line num="21" count="1" type="stmt"/>
    </file>
    <file name="marsrover.ts" path="/Users/amir.sohi/github-repos/marsrover/src/main/marsrover.ts">
      <metrics statements="25" coveredstatements="24" conditionals="27" coveredconditionals="18" methods="5" coveredmethods="5"/>
      <line num="1" count="1" type="stmt"/>
      <line num="3" count="1" type="stmt"/>
      <line num="15" count="18" type="stmt"/>
      <line num="16" count="18" type="stmt"/>
      <line num="17" count="18" type="stmt"/>
      <line num="18" count="18" type="stmt"/>
      <line num="19" count="18" type="stmt"/>
      <line num="23" count="19" type="cond" truecount="2" falsecount="0"/>
      <line num="24" count="14" type="stmt"/>
      <line num="26" count="5" type="cond" truecount="2" falsecount="0"/>
      <line num="27" count="3" type="cond" truecount="1" falsecount="1"/>
      <line num="28" count="2" type="cond" truecount="2" falsecount="0"/>
      <line num="29" count="1" type="stmt"/>
      <line num="31" count="1" type="cond" truecount="1" falsecount="1"/>
      <line num="32" count="1" type="stmt"/>
      <line num="36" count="19" type="cond" truecount="1" falsecount="1"/>
      <line num="37" count="0" type="stmt"/>
      <line num="42" count="18" type="stmt"/>
      <line num="43" count="39" type="cond" truecount="2" falsecount="0"/>
      <line num="44" count="12" type="stmt"/>
      <line num="45" count="27" type="cond" truecount="2" falsecount="0"/>
      <line num="46" count="8" type="stmt"/>
      <line num="47" count="19" type="cond" truecount="1" falsecount="1"/>
      <line num="48" count="19" type="stmt"/>
      <line num="54" count="18" type="stmt"/>
    </file>
  </project>
</coverage>
