{"/Users/amir.sohi/github-repos/marsrover/src/main/directions.ts": {"path":"/Users/amir.sohi/github-repos/marsrover/src/main/directions.ts","statementMap":{"0":{"start":{"line":1,"column":19},"end":{"line":1,"column":39}},"1":{"start":{"line":3,"column":18},"end":{"line":10,"column":1}},"2":{"start":{"line":4,"column":27},"end":{"line":4,"column":56}},"3":{"start":{"line":6,"column":2},"end":{"line":8,"column":null}},"4":{"start":{"line":7,"column":4},"end":{"line":7,"column":25}},"5":{"start":{"line":9,"column":2},"end":{"line":9,"column":42}},"6":{"start":{"line":21,"column":9},"end":{"line":21,"column":18}},"7":{"start":{"line":12,"column":17},"end":{"line":19,"column":1}},"8":{"start":{"line":13,"column":27},"end":{"line":13,"column":56}},"9":{"start":{"line":15,"column":2},"end":{"line":17,"column":null}},"10":{"start":{"line":16,"column":4},"end":{"line":16,"column":45}},"11":{"start":{"line":18,"column":2},"end":{"line":18,"column":42}},"12":{"start":{"line":21,"column":20},"end":{"line":21,"column":28}}},"fnMap":{"0":{"name":"(anonymous_0)","decl":{"start":{"line":3,"column":18},"end":{"line":3,"column":19}},"loc":{"start":{"line":3,"column":48},"end":{"line":10,"column":1}}},"1":{"name":"(anonymous_1)","decl":{"start":{"line":12,"column":17},"end":{"line":12,"column":18}},"loc":{"start":{"line":12,"column":47},"end":{"line":19,"column":1}}}},"branchMap":{"0":{"loc":{"start":{"line":6,"column":2},"end":{"line":8,"column":null}},"type":"if","locations":[{"start":{"line":6,"column":2},"end":{"line":8,"column":null}},{"start":{"line":6,"column":2},"end":{"line":8,"column":null}}]},"1":{"loc":{"start":{"line":15,"column":2},"end":{"line":17,"column":null}},"type":"if","locations":[{"start":{"line":15,"column":2},"end":{"line":17,"column":null}},{"start":{"line":15,"column":2},"end":{"line":17,"column":null}}]}},"s":{"0":1,"1":1,"2":12,"3":12,"4":1,"5":11,"6":1,"7":1,"8":8,"9":8,"10":2,"11":6,"12":1},"f":{"0":12,"1":8},"b":{"0":[1,11],"1":[2,6]}}
,"/Users/amir.sohi/github-repos/marsrover/src/main/marsrover.ts": {"path":"/Users/amir.sohi/github-repos/marsrover/src/main/marsrover.ts","statementMap":{"0":{"start":{"line":1,"column":0},"end":{"line":1,"column":51}},"1":{"start":{"line":15,"column":4},"end":{"line":15,"column":31}},"2":{"start":{"line":16,"column":4},"end":{"line":16,"column":31}},"3":{"start":{"line":17,"column":4},"end":{"line":17,"column":31}},"4":{"start":{"line":18,"column":4},"end":{"line":18,"column":23}},"5":{"start":{"line":19,"column":4},"end":{"line":19,"column":23}},"6":{"start":{"line":23,"column":4},"end":{"line":34,"column":null}},"7":{"start":{"line":24,"column":6},"end":{"line":25,"column":72}},"8":{"start":{"line":26,"column":11},"end":{"line":34,"column":null}},"9":{"start":{"line":27,"column":6},"end":{"line":27,"column":70}},"10":{"start":{"line":28,"column":11},"end":{"line":34,"column":null}},"11":{"start":{"line":29,"column":6},"end":{"line":30,"column":72}},"12":{"start":{"line":31,"column":11},"end":{"line":34,"column":null}},"13":{"start":{"line":32,"column":6},"end":{"line":33,"column":72}},"14":{"start":{"line":36,"column":4},"end":{"line":38,"column":null}},"15":{"start":{"line":37,"column":6},"end":{"line":37,"column":25}},"16":{"start":{"line":42,"column":4},"end":{"line":50,"column":7}},"17":{"start":{"line":43,"column":6},"end":{"line":49,"column":null}},"18":{"start":{"line":44,"column":8},"end":{"line":44,"column":51}},"19":{"start":{"line":45,"column":13},"end":{"line":49,"column":null}},"20":{"start":{"line":46,"column":8},"end":{"line":46,"column":50}},"21":{"start":{"line":47,"column":13},"end":{"line":49,"column":null}},"22":{"start":{"line":48,"column":8},"end":{"line":48,"column":24}},"23":{"start":{"line":54,"column":4},"end":{"line":54,"column":67}},"24":{"start":{"line":3,"column":0},"end":{"line":3,"column":13}}},"fnMap":{"0":{"name":"(anonymous_0)","decl":{"start":{"line":10,"column":2},"end":{"line":10,"column":null}},"loc":{"start":{"line":13,"column":27},"end":{"line":20,"column":3}}},"1":{"name":"(anonymous_1)","decl":{"start":{"line":22,"column":10},"end":{"line":22,"column":18}},"loc":{"start":{"line":22,"column":18},"end":{"line":39,"column":3}}},"2":{"name":"(anonymous_2)","decl":{"start":{"line":41,"column":9},"end":{"line":41,"column":16}},"loc":{"start":{"line":41,"column":37},"end":{"line":51,"column":3}}},"3":{"name":"(anonymous_3)","decl":{"start":{"line":42,"column":35},"end":{"line":42,"column":36}},"loc":{"start":{"line":42,"column":47},"end":{"line":50,"column":5}}},"4":{"name":"(anonymous_4)","decl":{"start":{"line":53,"column":9},"end":{"line":53,"column":24}},"loc":{"start":{"line":53,"column":24},"end":{"line":55,"column":3}}}},"branchMap":{"0":{"loc":{"start":{"line":11,"column":24},"end":{"line":11,"column":25}},"type":"default-arg","locations":[{"start":{"line":11,"column":24},"end":{"line":11,"column":25}}]},"1":{"loc":{"start":{"line":12,"column":24},"end":{"line":12,"column":25}},"type":"default-arg","locations":[{"start":{"line":12,"column":24},"end":{"line":12,"column":25}}]},"2":{"loc":{"start":{"line":13,"column":24},"end":{"line":13,"column":27}},"type":"default-arg","locations":[{"start":{"line":13,"column":24},"end":{"line":13,"column":27}}]},"3":{"loc":{"start":{"line":23,"column":4},"end":{"line":34,"column":null}},"type":"if","locations":[{"start":{"line":23,"column":4},"end":{"line":34,"column":null}},{"start":{"line":23,"column":4},"end":{"line":34,"column":null}}]},"4":{"loc":{"start":{"line":25,"column":46},"end":{"line":25,"column":47}},"type":"cond-expr","locations":[{"start":{"line":25,"column":46},"end":{"line":25,"column":47}},{"start":{"line":25,"column":51},"end":{"line":25,"column":70}}]},"5":{"loc":{"start":{"line":26,"column":11},"end":{"line":34,"column":null}},"type":"if","locations":[{"start":{"line":26,"column":11},"end":{"line":34,"column":null}},{"start":{"line":26,"column":11},"end":{"line":34,"column":null}}]},"6":{"loc":{"start":{"line":27,"column":44},"end":{"line":27,"column":45}},"type":"cond-expr","locations":[{"start":{"line":27,"column":44},"end":{"line":27,"column":45}},{"start":{"line":27,"column":49},"end":{"line":27,"column":68}}]},"7":{"loc":{"start":{"line":28,"column":11},"end":{"line":34,"column":null}},"type":"if","locations":[{"start":{"line":28,"column":11},"end":{"line":34,"column":null}},{"start":{"line":28,"column":11},"end":{"line":34,"column":null}}]},"8":{"loc":{"start":{"line":30,"column":33},"end":{"line":30,"column":47}},"type":"cond-expr","locations":[{"start":{"line":30,"column":33},"end":{"line":30,"column":47}},{"start":{"line":30,"column":51},"end":{"line":30,"column":70}}]},"9":{"loc":{"start":{"line":31,"column":11},"end":{"line":34,"column":null}},"type":"if","locations":[{"start":{"line":31,"column":11},"end":{"line":34,"column":null}},{"start":{"line":31,"column":11},"end":{"line":34,"column":null}}]},"10":{"loc":{"start":{"line":33,"column":33},"end":{"line":33,"column":47}},"type":"cond-expr","locations":[{"start":{"line":33,"column":33},"end":{"line":33,"column":47}},{"start":{"line":33,"column":51},"end":{"line":33,"column":70}}]},"11":{"loc":{"start":{"line":36,"column":4},"end":{"line":38,"column":null}},"type":"if","locations":[{"start":{"line":36,"column":4},"end":{"line":38,"column":null}},{"start":{"line":36,"column":4},"end":{"line":38,"column":null}}]},"12":{"loc":{"start":{"line":43,"column":6},"end":{"line":49,"column":null}},"type":"if","locations":[{"start":{"line":43,"column":6},"end":{"line":49,"column":null}},{"start":{"line":43,"column":6},"end":{"line":49,"column":null}}]},"13":{"loc":{"start":{"line":45,"column":13},"end":{"line":49,"column":null}},"type":"if","locations":[{"start":{"line":45,"column":13},"end":{"line":49,"column":null}},{"start":{"line":45,"column":13},"end":{"line":49,"column":null}}]},"14":{"loc":{"start":{"line":47,"column":13},"end":{"line":49,"column":null}},"type":"if","locations":[{"start":{"line":47,"column":13},"end":{"line":49,"column":null}},{"start":{"line":47,"column":13},"end":{"line":49,"column":null}}]}},"s":{"0":1,"1":18,"2":18,"3":18,"4":18,"5":18,"6":19,"7":14,"8":5,"9":3,"10":2,"11":1,"12":1,"13":1,"14":19,"15":0,"16":18,"17":39,"18":12,"19":27,"20":8,"21":19,"22":19,"23":18,"24":1},"f":{"0":18,"1":19,"2":18,"3":39,"4":18},"b":{"0":[0],"1":[0],"2":[0],"3":[14,5],"4":[1,13],"5":[3,2],"6":[0,3],"7":[1,1],"8":[0,1],"9":[1,0],"10":[0,1],"11":[0,19],"12":[12,27],"13":[8,19],"14":[19,0]}}
}
