{"/Users/amir.sohi/github-repos/marsrover/src/main/coordinates.ts": {"path":"/Users/amir.sohi/github-repos/marsrover/src/main/coordinates.ts","statementMap":{"0":{"start":{"line":6,"column":4},"end":{"line":6,"column":15}},"1":{"start":{"line":7,"column":4},"end":{"line":7,"column":15}},"2":{"start":{"line":11,"column":4},"end":{"line":11,"column":18}},"3":{"start":{"line":15,"column":4},"end":{"line":15,"column":18}},"4":{"start":{"line":1,"column":0},"end":{"line":1,"column":13}}},"fnMap":{"0":{"name":"(anonymous_0)","decl":{"start":{"line":5,"column":2},"end":{"line":5,"column":14}},"loc":{"start":{"line":5,"column":34},"end":{"line":8,"column":3}}},"1":{"name":"(anonymous_1)","decl":{"start":{"line":10,"column":9},"end":{"line":10,"column":23}},"loc":{"start":{"line":10,"column":23},"end":{"line":12,"column":3}}},"2":{"name":"(anonymous_2)","decl":{"start":{"line":14,"column":9},"end":{"line":14,"column":23}},"loc":{"start":{"line":14,"column":23},"end":{"line":16,"column":3}}}},"branchMap":{},"s":{"0":37,"1":37,"2":37,"3":37,"4":1},"f":{"0":37,"1":37,"2":37},"b":{}}
,"/Users/amir.sohi/github-repos/marsrover/src/main/grid.ts": {"path":"/Users/amir.sohi/github-repos/marsrover/src/main/grid.ts","statementMap":{"0":{"start":{"line":1,"column":0},"end":{"line":1,"column":44}},"1":{"start":{"line":3,"column":26},"end":{"line":3,"column":28}},"2":{"start":{"line":4,"column":26},"end":{"line":4,"column":28}},"3":{"start":{"line":6,"column":19},"end":{"line":6,"column":39}},"4":{"start":{"line":10,"column":20},"end":{"line":10,"column":47}},"5":{"start":{"line":11,"column":20},"end":{"line":11,"column":47}},"6":{"start":{"line":12,"column":4},"end":{"line":20,"column":null}},"7":{"start":{"line":13,"column":6},"end":{"line":13,"column":69}},"8":{"start":{"line":14,"column":11},"end":{"line":20,"column":null}},"9":{"start":{"line":15,"column":6},"end":{"line":15,"column":69}},"10":{"start":{"line":16,"column":11},"end":{"line":20,"column":null}},"11":{"start":{"line":17,"column":6},"end":{"line":17,"column":67}},"12":{"start":{"line":18,"column":11},"end":{"line":20,"column":null}},"13":{"start":{"line":19,"column":6},"end":{"line":19,"column":67}},"14":{"start":{"line":22,"column":4},"end":{"line":22,"column":49}},"15":{"start":{"line":26,"column":29},"end":{"line":26,"column":58}},"16":{"start":{"line":28,"column":4},"end":{"line":30,"column":41}},"17":{"start":{"line":34,"column":29},"end":{"line":34,"column":58}},"18":{"start":{"line":36,"column":4},"end":{"line":38,"column":41}},"19":{"start":{"line":8,"column":0},"end":{"line":8,"column":13}}},"fnMap":{"0":{"name":"(anonymous_0)","decl":{"start":{"line":9,"column":9},"end":{"line":9,"column":13}},"loc":{"start":{"line":9,"column":56},"end":{"line":23,"column":3}}},"1":{"name":"(anonymous_1)","decl":{"start":{"line":25,"column":9},"end":{"line":25,"column":18}},"loc":{"start":{"line":25,"column":36},"end":{"line":31,"column":3}}},"2":{"name":"(anonymous_2)","decl":{"start":{"line":33,"column":9},"end":{"line":33,"column":17}},"loc":{"start":{"line":33,"column":35},"end":{"line":39,"column":3}}}},"branchMap":{"0":{"loc":{"start":{"line":12,"column":4},"end":{"line":20,"column":null}},"type":"if","locations":[{"start":{"line":12,"column":4},"end":{"line":20,"column":null}},{"start":{"line":12,"column":4},"end":{"line":20,"column":null}}]},"1":{"loc":{"start":{"line":13,"column":48},"end":{"line":13,"column":49}},"type":"cond-expr","locations":[{"start":{"line":13,"column":48},"end":{"line":13,"column":49}},{"start":{"line":13,"column":53},"end":{"line":13,"column":67}}]},"2":{"loc":{"start":{"line":14,"column":11},"end":{"line":20,"column":null}},"type":"if","locations":[{"start":{"line":14,"column":11},"end":{"line":20,"column":null}},{"start":{"line":14,"column":11},"end":{"line":20,"column":null}}]},"3":{"loc":{"start":{"line":15,"column":48},"end":{"line":15,"column":49}},"type":"cond-expr","locations":[{"start":{"line":15,"column":48},"end":{"line":15,"column":49}},{"start":{"line":15,"column":53},"end":{"line":15,"column":67}}]},"4":{"loc":{"start":{"line":16,"column":11},"end":{"line":20,"column":null}},"type":"if","locations":[{"start":{"line":16,"column":11},"end":{"line":20,"column":null}},{"start":{"line":16,"column":11},"end":{"line":20,"column":null}}]},"5":{"loc":{"start":{"line":17,"column":38},"end":{"line":17,"column":47}},"type":"cond-expr","locations":[{"start":{"line":17,"column":38},"end":{"line":17,"column":47}},{"start":{"line":17,"column":51},"end":{"line":17,"column":65}}]},"6":{"loc":{"start":{"line":18,"column":11},"end":{"line":20,"column":null}},"type":"if","locations":[{"start":{"line":18,"column":11},"end":{"line":20,"column":null}},{"start":{"line":18,"column":11},"end":{"line":20,"column":null}}]},"7":{"loc":{"start":{"line":19,"column":38},"end":{"line":19,"column":47}},"type":"cond-expr","locations":[{"start":{"line":19,"column":38},"end":{"line":19,"column":47}},{"start":{"line":19,"column":51},"end":{"line":19,"column":65}}]},"8":{"loc":{"start":{"line":29,"column":8},"end":{"line":29,"column":21}},"type":"cond-expr","locations":[{"start":{"line":29,"column":8},"end":{"line":29,"column":21}},{"start":{"line":30,"column":8},"end":{"line":30,"column":40}}]},"9":{"loc":{"start":{"line":37,"column":8},"end":{"line":37,"column":41}},"type":"cond-expr","locations":[{"start":{"line":37,"column":8},"end":{"line":37,"column":41}},{"start":{"line":38,"column":8},"end":{"line":38,"column":40}}]}},"s":{"0":1,"1":1,"2":1,"3":1,"4":19,"5":19,"6":19,"7":14,"8":5,"9":3,"10":2,"11":1,"12":1,"13":1,"14":19,"15":12,"16":12,"17":8,"18":8,"19":1},"f":{"0":19,"1":12,"2":8},"b":{"0":[14,5],"1":[1,13],"2":[3,2],"3":[0,3],"4":[1,1],"5":[0,1],"6":[1,0],"7":[0,1],"8":[1,11],"9":[2,6]}}
,"/Users/amir.sohi/github-repos/marsrover/src/main/marsrover.ts": {"path":"/Users/amir.sohi/github-repos/marsrover/src/main/marsrover.ts","statementMap":{"0":{"start":{"line":1,"column":0},"end":{"line":1,"column":44}},"1":{"start":{"line":2,"column":0},"end":{"line":2,"column":30}},"2":{"start":{"line":13,"column":4},"end":{"line":13,"column":34}},"3":{"start":{"line":14,"column":4},"end":{"line":14,"column":31}},"4":{"start":{"line":15,"column":4},"end":{"line":15,"column":27}},"5":{"start":{"line":19,"column":4},"end":{"line":27,"column":7}},"6":{"start":{"line":20,"column":6},"end":{"line":26,"column":null}},"7":{"start":{"line":21,"column":8},"end":{"line":21,"column":61}},"8":{"start":{"line":22,"column":13},"end":{"line":26,"column":null}},"9":{"start":{"line":23,"column":8},"end":{"line":23,"column":60}},"10":{"start":{"line":24,"column":13},"end":{"line":26,"column":null}},"11":{"start":{"line":25,"column":8},"end":{"line":25,"column":74}},"12":{"start":{"line":31,"column":4},"end":{"line":33,"column":7}},"13":{"start":{"line":4,"column":0},"end":{"line":4,"column":13}}},"fnMap":{"0":{"name":"(anonymous_0)","decl":{"start":{"line":9,"column":2},"end":{"line":9,"column":null}},"loc":{"start":{"line":11,"column":27},"end":{"line":16,"column":3}}},"1":{"name":"(anonymous_1)","decl":{"start":{"line":18,"column":9},"end":{"line":18,"column":16}},"loc":{"start":{"line":18,"column":37},"end":{"line":28,"column":3}}},"2":{"name":"(anonymous_2)","decl":{"start":{"line":19,"column":35},"end":{"line":19,"column":36}},"loc":{"start":{"line":19,"column":47},"end":{"line":27,"column":5}}},"3":{"name":"(anonymous_3)","decl":{"start":{"line":30,"column":9},"end":{"line":30,"column":24}},"loc":{"start":{"line":30,"column":24},"end":{"line":34,"column":3}}}},"branchMap":{"0":{"loc":{"start":{"line":10,"column":31},"end":{"line":10,"column":52}},"type":"default-arg","locations":[{"start":{"line":10,"column":31},"end":{"line":10,"column":52}}]},"1":{"loc":{"start":{"line":11,"column":24},"end":{"line":11,"column":27}},"type":"default-arg","locations":[{"start":{"line":11,"column":24},"end":{"line":11,"column":27}}]},"2":{"loc":{"start":{"line":20,"column":6},"end":{"line":26,"column":null}},"type":"if","locations":[{"start":{"line":20,"column":6},"end":{"line":26,"column":null}},{"start":{"line":20,"column":6},"end":{"line":26,"column":null}}]},"3":{"loc":{"start":{"line":22,"column":13},"end":{"line":26,"column":null}},"type":"if","locations":[{"start":{"line":22,"column":13},"end":{"line":26,"column":null}},{"start":{"line":22,"column":13},"end":{"line":26,"column":null}}]},"4":{"loc":{"start":{"line":24,"column":13},"end":{"line":26,"column":null}},"type":"if","locations":[{"start":{"line":24,"column":13},"end":{"line":26,"column":null}},{"start":{"line":24,"column":13},"end":{"line":26,"column":null}}]}},"s":{"0":1,"1":1,"2":18,"3":18,"4":18,"5":18,"6":39,"7":12,"8":27,"9":8,"10":19,"11":19,"12":18,"13":1},"f":{"0":18,"1":18,"2":39,"3":18},"b":{"0":[0],"1":[0],"2":[12,27],"3":[8,19],"4":[19,0]}}
}
