TN:
SF:src/main/coordinates.ts
FN:5,(anonymous_0)
FN:10,(anonymous_1)
FN:14,(anonymous_2)
FNF:3
FNH:3
FNDA:37,(anonymous_0)
FNDA:37,(anonymous_1)
FNDA:37,(anonymous_2)
DA:1,1
DA:6,37
DA:7,37
DA:11,37
DA:15,37
LF:5
LH:5
BRF:0
BRH:0
end_of_record
TN:
SF:src/main/grid.ts
FN:9,(anonymous_0)
FN:25,(anonymous_1)
FN:33,(anonymous_2)
FNF:3
FNH:3
FNDA:19,(anonymous_0)
FNDA:12,(anonymous_1)
FNDA:8,(anonymous_2)
DA:1,1
DA:3,1
DA:4,1
DA:6,1
DA:8,1
DA:10,19
DA:11,19
DA:12,19
DA:13,14
DA:14,5
DA:15,3
DA:16,2
DA:17,1
DA:18,1
DA:19,1
DA:22,19
DA:26,12
DA:28,12
DA:34,8
DA:36,8
LF:20
LH:20
BRDA:12,0,0,14
BRDA:12,0,1,5
BRDA:13,1,0,1
BRDA:13,1,1,13
BRDA:14,2,0,3
BRDA:14,2,1,2
BRDA:15,3,0,0
BRDA:15,3,1,3
BRDA:16,4,0,1
BRDA:16,4,1,1
BRDA:17,5,0,0
BRDA:17,5,1,1
BRDA:18,6,0,1
BRDA:18,6,1,0
BRDA:19,7,0,0
BRDA:19,7,1,1
BRDA:29,8,0,1
BRDA:29,8,1,11
BRDA:37,9,0,2
BRDA:37,9,1,6
BRF:20
BRH:16
end_of_record
TN:
SF:src/main/marsrover.ts
FN:9,(anonymous_0)
FN:18,(anonymous_1)
FN:19,(anonymous_2)
FN:30,(anonymous_3)
FNF:4
FNH:4
FNDA:18,(anonymous_0)
FNDA:18,(anonymous_1)
FNDA:39,(anonymous_2)
FNDA:18,(anonymous_3)
DA:1,1
DA:2,1
DA:4,1
DA:13,18
DA:14,18
DA:15,18
DA:19,18
DA:20,39
DA:21,12
DA:22,27
DA:23,8
DA:24,19
DA:25,19
DA:31,18
LF:14
LH:14
BRDA:10,0,0,0
BRDA:11,1,0,0
BRDA:20,2,0,12
BRDA:20,2,1,27
BRDA:22,3,0,8
BRDA:22,3,1,19
BRDA:24,4,0,19
BRDA:24,4,1,0
BRF:8
BRH:5
end_of_record
