TN:
SF:src/main/directions.ts
FN:3,(anonymous_0)
FN:12,(anonymous_1)
FNF:2
FNH:2
FNDA:12,(anonymous_0)
FNDA:8,(anonymous_1)
DA:1,1
DA:3,1
DA:4,12
DA:6,12
DA:7,1
DA:9,11
DA:12,1
DA:13,8
DA:15,8
DA:16,2
DA:18,6
DA:21,1
LF:12
LH:12
BRDA:6,0,0,1
BRDA:6,0,1,11
BRDA:15,1,0,2
BRDA:15,1,1,6
BRF:4
BRH:4
end_of_record
TN:
SF:src/main/marsrover.ts
FN:10,(anonymous_0)
FN:22,(anonymous_1)
FN:41,(anonymous_2)
FN:42,(anonymous_3)
FN:53,(anonymous_4)
FNF:5
FNH:5
FNDA:18,(anonymous_0)
FNDA:19,(anonymous_1)
FNDA:18,(anonymous_2)
FNDA:39,(anonymous_3)
FNDA:18,(anonymous_4)
DA:1,1
DA:3,1
DA:15,18
DA:16,18
DA:17,18
DA:18,18
DA:19,18
DA:23,19
DA:24,14
DA:26,5
DA:27,3
DA:28,2
DA:29,1
DA:31,1
DA:32,1
DA:36,19
DA:37,0
DA:42,18
DA:43,39
DA:44,12
DA:45,27
DA:46,8
DA:47,19
DA:48,19
DA:54,18
LF:25
LH:24
BRDA:11,0,0,0
BRDA:12,1,0,0
BRDA:13,2,0,0
BRDA:23,3,0,14
BRDA:23,3,1,5
BRDA:25,4,0,1
BRDA:25,4,1,13
BRDA:26,5,0,3
BRDA:26,5,1,2
BRDA:27,6,0,0
BRDA:27,6,1,3
BRDA:28,7,0,1
BRDA:28,7,1,1
BRDA:30,8,0,0
BRDA:30,8,1,1
BRDA:31,9,0,1
BRDA:31,9,1,0
BRDA:33,10,0,0
BRDA:33,10,1,1
BRDA:36,11,0,0
BRDA:36,11,1,19
BRDA:43,12,0,12
BRDA:43,12,1,27
BRDA:45,13,0,8
BRDA:45,13,1,19
BRDA:47,14,0,19
BRDA:47,14,1,0
BRF:27
BRH:18
end_of_record
